::1 - - [10/Feb/2016:14:25:33 +0100] "GET / HTTP/1.1" 200 46
::1 - - [10/Feb/2016:14:25:33 +0100] "GET /favicon.ico HTTP/1.1" 404 209
::1 - - [10/Feb/2016:14:29:51 +0100] "GET / HTTP/1.1" 304 -
::1 - - [10/Feb/2016:14:31:29 +0100] "GET / HTTP/1.1" 200 105
::1 - - [10/Feb/2016:14:31:35 +0100] "GET / HTTP/1.1" 200 108
::1 - - [10/Feb/2016:14:36:57 +0100] "GET / HTTP/1.1" 200 224
::1 - - [10/Feb/2016:14:36:57 +0100] "GET /script/jquery-1.12.0.min.js HTTP/1.1" 200 97362
::1 - - [10/Feb/2016:14:36:57 +0100] "GET /script/myFun.js HTTP/1.1" 404 213
::1 - - [10/Feb/2016:14:37:51 +0100] "GET / HTTP/1.1" 304 -
::1 - - [10/Feb/2016:14:37:51 +0100] "GET /script/jquery-1.12.0.min.js HTTP/1.1" 304 -
::1 - - [10/Feb/2016:14:37:51 +0100] "GET /script/myFun.js HTTP/1.1" 200 12
::1 - - [10/Feb/2016:14:39:53 +0100] "GET / HTTP/1.1" 304 -
::1 - - [10/Feb/2016:14:39:54 +0100] "GET /script/jquery-1.12.0.min.js HTTP/1.1" 304 -
::1 - - [10/Feb/2016:14:39:54 +0100] "GET /script/myFun.js HTTP/1.1" 200 56
::1 - - [10/Feb/2016:14:58:40 +0100] "GET / HTTP/1.1" 200 248
::1 - - [10/Feb/2016:14:58:40 +0100] "GET /script/myFun.js HTTP/1.1" 200 60
::1 - - [10/Feb/2016:14:58:40 +0100] "GET /script/jquery-1.12.0.min.js HTTP/1.1" 304 -
::1 - - [10/Feb/2016:14:58:41 +0100] "GET /favicon.ico HTTP/1.1" 404 209
::1 - - [10/Feb/2016:14:59:55 +0100] "GET / HTTP/1.1" 304 -
::1 - - [10/Feb/2016:14:59:55 +0100] "GET /script/myFun.js HTTP/1.1" 304 -
::1 - - [10/Feb/2016:15:00:37 +0100] "GET / HTTP/1.1" 304 -
::1 - - [10/Feb/2016:15:00:54 +0100] "GET / HTTP/1.1" 304 -
::1 - - [10/Feb/2016:15:00:54 +0100] "GET /script/jquery-1.12.0.min.js HTTP/1.1" 304 -
::1 - - [10/Feb/2016:15:00:54 +0100] "GET /script/myFun.js HTTP/1.1" 200 88
::1 - - [10/Feb/2016:15:01:00 +0100] "GET / HTTP/1.1" 304 -
::1 - - [10/Feb/2016:15:01:00 +0100] "GET /script/jquery-1.12.0.min.js HTTP/1.1" 304 -
::1 - - [10/Feb/2016:15:01:00 +0100] "GET /script/myFun.js HTTP/1.1" 304 -
::1 - - [10/Feb/2016:15:01:12 +0100] "GET / HTTP/1.1" 304 -
::1 - - [10/Feb/2016:15:01:13 +0100] "GET /script/jquery-1.12.0.min.js HTTP/1.1" 304 -
::1 - - [10/Feb/2016:15:01:13 +0100] "GET /script/myFun.js HTTP/1.1" 304 -
::1 - - [10/Feb/2016:15:04:49 +0100] "GET / HTTP/1.1" 200 272
::1 - - [10/Feb/2016:15:04:49 +0100] "GET /script/jquery-1.12.0.min.js HTTP/1.1" 304 -
::1 - - [10/Feb/2016:15:04:49 +0100] "GET /script/myFun.js HTTP/1.1" 304 -
::1 - - [10/Feb/2016:15:05:40 +0100] "GET / HTTP/1.1" 200 250
::1 - - [10/Feb/2016:15:05:40 +0100] "GET /script/jquery-1.12.0.min.js HTTP/1.1" 304 -
::1 - - [10/Feb/2016:15:05:40 +0100] "GET /script/myFun.js HTTP/1.1" 304 -
::1 - - [10/Feb/2016:15:08:23 +0100] "GET / HTTP/1.1" 200 266
::1 - - [10/Feb/2016:15:08:23 +0100] "GET /script/jquery-1.12.0.min.js HTTP/1.1" 304 -
::1 - - [10/Feb/2016:15:08:23 +0100] "GET /script/myFun.js HTTP/1.1" 304 -
::1 - - [10/Feb/2016:15:08:23 +0100] "GET /script/elasticsearch.jquery.min.js HTTP/1.1" 200 400512
::1 - - [10/Feb/2016:15:14:33 +0100] "GET / HTTP/1.1" 200 313
::1 - - [10/Feb/2016:15:14:33 +0100] "GET /script/jquery-1.12.0.min.js HTTP/1.1" 304 -
::1 - - [10/Feb/2016:15:14:33 +0100] "GET /script/elasticsearch.jquery.min.js HTTP/1.1" 304 -
::1 - - [10/Feb/2016:15:14:33 +0100] "GET /script/myFun.js HTTP/1.1" 304 -
::1 - - [10/Feb/2016:15:14:33 +0100] "GET /script/elasticTalk.js HTTP/1.1" 404 219
::1 - - [10/Feb/2016:15:16:04 +0100] "GET / HTTP/1.1" 304 -
::1 - - [10/Feb/2016:15:16:04 +0100] "GET /script/jquery-1.12.0.min.js HTTP/1.1" 304 -
::1 - - [10/Feb/2016:15:16:04 +0100] "GET /script/elasticsearch.jquery.min.js HTTP/1.1" 304 -
::1 - - [10/Feb/2016:15:16:04 +0100] "GET /script/myFun.js HTTP/1.1" 304 -
::1 - - [10/Feb/2016:15:16:04 +0100] "GET /script/elasticTalk.js HTTP/1.1" 200 99
::1 - - [10/Feb/2016:15:16:41 +0100] "GET / HTTP/1.1" 304 -
::1 - - [10/Feb/2016:15:16:41 +0100] "GET /script/jquery-1.12.0.min.js HTTP/1.1" 304 -
::1 - - [10/Feb/2016:15:16:41 +0100] "GET /script/elasticsearch.jquery.min.js HTTP/1.1" 304 -
::1 - - [10/Feb/2016:15:16:41 +0100] "GET /script/myFun.js HTTP/1.1" 304 -
::1 - - [10/Feb/2016:15:16:41 +0100] "GET /script/elasticTalk.js HTTP/1.1" 200 100
::1 - - [10/Feb/2016:15:16:59 +0100] "GET / HTTP/1.1" 304 -
::1 - - [10/Feb/2016:15:17:00 +0100] "GET /script/jquery-1.12.0.min.js HTTP/1.1" 304 -
::1 - - [10/Feb/2016:15:17:00 +0100] "GET /script/elasticsearch.jquery.min.js HTTP/1.1" 304 -
::1 - - [10/Feb/2016:15:17:00 +0100] "GET /script/elasticTalk.js HTTP/1.1" 200 100
::1 - - [10/Feb/2016:15:17:00 +0100] "GET /script/myFun.js HTTP/1.1" 304 -
::1 - - [10/Feb/2016:15:21:19 +0100] "GET / HTTP/1.1" 200 305
::1 - - [10/Feb/2016:15:21:19 +0100] "GET /script/jquery-1.12.0.min.js HTTP/1.1" 304 -
::1 - - [10/Feb/2016:15:21:19 +0100] "GET /script/myFun.js HTTP/1.1" 304 -
::1 - - [10/Feb/2016:15:21:19 +0100] "GET /script/elasticTalk.js HTTP/1.1" 304 -
::1 - - [10/Feb/2016:15:21:19 +0100] "GET /script/elasticsearch.jquery.js HTTP/1.1" 200 1920812
::1 - - [10/Feb/2016:15:21:20 +0100] "GET /script/myFun.js HTTP/1.1" 304 -
::1 - - [10/Feb/2016:15:21:20 +0100] "GET /script/elasticTalk.js HTTP/1.1" 304 -
::1 - - [10/Feb/2016:15:21:50 +0100] "GET / HTTP/1.1" 304 -
::1 - - [10/Feb/2016:15:21:50 +0100] "GET /script/jquery-1.12.0.min.js HTTP/1.1" 304 -
::1 - - [10/Feb/2016:15:21:50 +0100] "GET /script/elasticsearch.jquery.js HTTP/1.1" 304 -
::1 - - [10/Feb/2016:15:21:50 +0100] "GET /script/myFun.js HTTP/1.1" 304 -
::1 - - [10/Feb/2016:15:21:50 +0100] "GET /script/elasticTalk.js HTTP/1.1" 304 -
::1 - - [10/Feb/2016:15:26:44 +0100] "GET / HTTP/1.1" 304 -
::1 - - [10/Feb/2016:15:26:45 +0100] "GET /script/jquery-1.12.0.min.js HTTP/1.1" 304 -
::1 - - [10/Feb/2016:15:26:45 +0100] "GET /script/elasticsearch.jquery.js HTTP/1.1" 304 -
::1 - - [10/Feb/2016:15:26:45 +0100] "GET /script/elasticTalk.js HTTP/1.1" 304 -
::1 - - [10/Feb/2016:15:26:45 +0100] "GET /script/myFun.js HTTP/1.1" 304 -
::1 - - [10/Feb/2016:15:36:54 +0100] "GET / HTTP/1.1" 304 -
::1 - - [10/Feb/2016:15:36:54 +0100] "GET /script/jquery-1.12.0.min.js HTTP/1.1" 304 -
::1 - - [10/Feb/2016:15:36:54 +0100] "GET /script/elasticsearch.jquery.js HTTP/1.1" 304 -
::1 - - [10/Feb/2016:15:36:54 +0100] "GET /script/myFun.js HTTP/1.1" 304 -
::1 - - [10/Feb/2016:15:36:54 +0100] "GET /script/elasticTalk.js HTTP/1.1" 200 408
::1 - - [10/Feb/2016:15:38:09 +0100] "GET / HTTP/1.1" 304 -
::1 - - [10/Feb/2016:15:38:09 +0100] "GET /script/jquery-1.12.0.min.js HTTP/1.1" 304 -
::1 - - [10/Feb/2016:15:38:09 +0100] "GET /script/elasticsearch.jquery.js HTTP/1.1" 304 -
::1 - - [10/Feb/2016:15:38:09 +0100] "GET /script/elasticTalk.js HTTP/1.1" 200 402
::1 - - [10/Feb/2016:15:38:09 +0100] "GET /script/myFun.js HTTP/1.1" 304 -
::1 - - [10/Feb/2016:15:46:58 +0100] "GET / HTTP/1.1" 304 -
::1 - - [10/Feb/2016:15:46:58 +0100] "GET /script/jquery-1.12.0.min.js HTTP/1.1" 304 -
::1 - - [10/Feb/2016:15:46:58 +0100] "GET /script/elasticsearch.jquery.js HTTP/1.1" 304 -
::1 - - [10/Feb/2016:15:46:58 +0100] "GET /script/elasticTalk.js HTTP/1.1" 304 -
::1 - - [10/Feb/2016:15:46:58 +0100] "GET /script/myFun.js HTTP/1.1" 304 -
::1 - - [10/Feb/2016:15:48:50 +0100] "GET / HTTP/1.1" 304 -
::1 - - [10/Feb/2016:15:48:50 +0100] "GET /script/jquery-1.12.0.min.js HTTP/1.1" 304 -
::1 - - [10/Feb/2016:15:48:50 +0100] "GET /script/elasticsearch.jquery.js HTTP/1.1" 304 -
::1 - - [10/Feb/2016:15:48:50 +0100] "GET /script/myFun.js HTTP/1.1" 304 -
::1 - - [10/Feb/2016:15:48:50 +0100] "GET /script/elasticTalk.js HTTP/1.1" 304 -
::1 - - [10/Feb/2016:15:50:41 +0100] "GET / HTTP/1.1" 304 -
::1 - - [10/Feb/2016:15:50:41 +0100] "GET /script/elasticTalk.js HTTP/1.1" 304 -
::1 - - [10/Feb/2016:15:57:31 +0100] "GET / HTTP/1.1" 304 -
::1 - - [10/Feb/2016:15:57:31 +0100] "GET /script/jquery-1.12.0.min.js HTTP/1.1" 304 -
::1 - - [10/Feb/2016:15:57:31 +0100] "GET /script/elasticsearch.jquery.js HTTP/1.1" 304 -
::1 - - [10/Feb/2016:15:57:31 +0100] "GET /script/myFun.js HTTP/1.1" 304 -
::1 - - [10/Feb/2016:15:57:31 +0100] "GET /script/elasticTalk.js HTTP/1.1" 304 -
128.232.110.28 - - [10/Feb/2016:16:02:33 +0100] "GET / HTTP/1.1" 200 305
::1 - - [10/Feb/2016:16:04:36 +0100] "GET / HTTP/1.1" 304 -
::1 - - [10/Feb/2016:16:04:36 +0100] "GET /script/elasticsearch.jquery.js HTTP/1.1" 304 -
::1 - - [10/Feb/2016:16:04:36 +0100] "GET /script/myFun.js HTTP/1.1" 304 -
::1 - - [10/Feb/2016:16:04:36 +0100] "GET /script/elasticTalk.js HTTP/1.1" 304 -
::1 - - [10/Feb/2016:16:07:51 +0100] "GET / HTTP/1.1" 304 -
::1 - - [10/Feb/2016:16:07:51 +0100] "GET /script/jquery-1.12.0.min.js HTTP/1.1" 304 -
::1 - - [10/Feb/2016:16:07:51 +0100] "GET /script/elasticsearch.jquery.js HTTP/1.1" 304 -
::1 - - [10/Feb/2016:16:07:51 +0100] "GET /script/myFun.js HTTP/1.1" 304 -
::1 - - [10/Feb/2016:16:07:51 +0100] "GET /script/elasticTalk.js HTTP/1.1" 200 479
::1 - - [10/Feb/2016:16:07:57 +0100] "GET / HTTP/1.1" 304 -
::1 - - [10/Feb/2016:16:07:58 +0100] "GET /script/jquery-1.12.0.min.js HTTP/1.1" 304 -
::1 - - [10/Feb/2016:16:07:58 +0100] "GET /script/elasticsearch.jquery.js HTTP/1.1" 304 -
::1 - - [10/Feb/2016:16:07:58 +0100] "GET /script/myFun.js HTTP/1.1" 304 -
::1 - - [10/Feb/2016:16:07:58 +0100] "GET /script/elasticTalk.js HTTP/1.1" 200 478
::1 - - [10/Feb/2016:16:14:50 +0100] "GET / HTTP/1.1" 304 -
::1 - - [10/Feb/2016:16:14:50 +0100] "GET /script/jquery-1.12.0.min.js HTTP/1.1" 304 -
::1 - - [10/Feb/2016:16:14:50 +0100] "GET /script/elasticsearch.jquery.js HTTP/1.1" 304 -
::1 - - [10/Feb/2016:16:14:50 +0100] "GET /script/myFun.js HTTP/1.1" 304 -
::1 - - [10/Feb/2016:16:14:50 +0100] "GET /script/elasticTalk.js HTTP/1.1" 200 440
::1 - - [10/Feb/2016:16:39:44 +0100] "GET / HTTP/1.1" 304 -
::1 - - [10/Feb/2016:16:39:44 +0100] "GET /script/jquery-1.12.0.min.js HTTP/1.1" 304 -
::1 - - [10/Feb/2016:16:39:44 +0100] "GET /script/elasticsearch.jquery.js HTTP/1.1" 304 -
::1 - - [10/Feb/2016:16:39:44 +0100] "GET /script/myFun.js HTTP/1.1" 304 -
::1 - - [10/Feb/2016:16:39:44 +0100] "GET /script/elasticTalk.js HTTP/1.1" 304 -
166.62.92.122 - - [10/Feb/2016:16:40:44 +0100] "HEAD / HTTP/1.0" 200 -
::1 - - [10/Feb/2016:16:41:57 +0100] "GET / HTTP/1.1" 304 -
::1 - - [10/Feb/2016:16:46:25 +0100] "GET / HTTP/1.1" 304 -
::1 - - [10/Feb/2016:16:46:25 +0100] "GET /script/jquery-1.12.0.min.js HTTP/1.1" 304 -
::1 - - [10/Feb/2016:16:46:25 +0100] "GET /script/elasticsearch.jquery.js HTTP/1.1" 304 -
::1 - - [10/Feb/2016:16:46:25 +0100] "GET /script/myFun.js HTTP/1.1" 304 -
::1 - - [10/Feb/2016:16:46:25 +0100] "GET /script/elasticTalk.js HTTP/1.1" 304 -
::1 - - [10/Feb/2016:17:06:49 +0100] "GET / HTTP/1.1" 304 -
::1 - - [10/Feb/2016:17:06:49 +0100] "GET /script/jquery-1.12.0.min.js HTTP/1.1" 304 -
::1 - - [10/Feb/2016:17:06:49 +0100] "GET /script/elasticsearch.jquery.js HTTP/1.1" 304 -
::1 - - [10/Feb/2016:17:06:49 +0100] "GET /script/myFun.js HTTP/1.1" 304 -
::1 - - [10/Feb/2016:17:06:49 +0100] "GET /script/elasticTalk.js HTTP/1.1" 304 -
::1 - - [10/Feb/2016:17:06:51 +0100] "GET / HTTP/1.1" 304 -
::1 - - [10/Feb/2016:17:06:51 +0100] "GET /script/jquery-1.12.0.min.js HTTP/1.1" 304 -
::1 - - [10/Feb/2016:17:06:51 +0100] "GET /script/elasticsearch.jquery.js HTTP/1.1" 304 -
::1 - - [10/Feb/2016:17:06:51 +0100] "GET /script/myFun.js HTTP/1.1" 304 -
::1 - - [10/Feb/2016:17:06:51 +0100] "GET /script/elasticTalk.js HTTP/1.1" 304 -
::1 - - [10/Feb/2016:17:12:38 +0100] "GET / HTTP/1.1" 304 -
::1 - - [10/Feb/2016:17:12:38 +0100] "GET /script/elasticTalk.js HTTP/1.1" 304 -
::1 - - [10/Feb/2016:17:12:40 +0100] "GET / HTTP/1.1" 304 -
::1 - - [10/Feb/2016:17:12:40 +0100] "GET /script/jquery-1.12.0.min.js HTTP/1.1" 304 -
::1 - - [10/Feb/2016:17:12:40 +0100] "GET /script/elasticsearch.jquery.js HTTP/1.1" 304 -
::1 - - [10/Feb/2016:17:12:40 +0100] "GET /script/elasticTalk.js HTTP/1.1" 304 -
::1 - - [10/Feb/2016:17:12:40 +0100] "GET /script/myFun.js HTTP/1.1" 304 -
::1 - - [10/Feb/2016:17:12:42 +0100] "GET / HTTP/1.1" 304 -
::1 - - [10/Feb/2016:17:12:43 +0100] "GET /script/jquery-1.12.0.min.js HTTP/1.1" 304 -
::1 - - [10/Feb/2016:17:12:43 +0100] "GET /script/elasticsearch.jquery.js HTTP/1.1" 304 -
::1 - - [10/Feb/2016:17:12:43 +0100] "GET /script/myFun.js HTTP/1.1" 304 -
::1 - - [10/Feb/2016:17:12:43 +0100] "GET /script/elasticTalk.js HTTP/1.1" 304 -
::1 - - [10/Feb/2016:17:13:51 +0100] "GET / HTTP/1.1" 304 -
::1 - - [10/Feb/2016:17:14:11 +0100] "GET / HTTP/1.1" 304 -
::1 - - [10/Feb/2016:17:14:50 +0100] "GET / HTTP/1.1" 304 -
::1 - - [14/Feb/2016:10:31:22 +0100] "GET / HTTP/1.1" 304 -
::1 - - [14/Feb/2016:10:31:22 +0100] "GET /script/myFun.js HTTP/1.1" 200 85
::1 - - [14/Feb/2016:10:31:22 +0100] "GET /script/elasticTalk.js HTTP/1.1" 304 -
::1 - - [14/Feb/2016:10:31:22 +0100] "GET /script/jquery-1.12.0.min.js HTTP/1.1" 304 -
::1 - - [14/Feb/2016:10:31:22 +0100] "GET /script/elasticsearch.jquery.js HTTP/1.1" 304 -
::1 - - [14/Feb/2016:10:31:23 +0100] "GET /favicon.ico HTTP/1.1" 404 209
::1 - - [14/Feb/2016:11:21:38 +0100] "GET / HTTP/1.1" 200 780
::1 - - [14/Feb/2016:11:21:38 +0100] "GET /script/jquery-1.12.0.min.js HTTP/1.1" 304 -
::1 - - [14/Feb/2016:11:21:38 +0100] "GET /script/myFun.js HTTP/1.1" 200 87
::1 - - [14/Feb/2016:11:22:14 +0100] "GET / HTTP/1.1" 200 785
::1 - - [14/Feb/2016:11:22:14 +0100] "GET /script/jquery-1.12.0.min.js HTTP/1.1" 304 -
::1 - - [14/Feb/2016:11:22:14 +0100] "GET /script/myFun.js HTTP/1.1" 304 -
::1 - - [14/Feb/2016:11:22:16 +0100] "GET /ajax_info.txt HTTP/1.1" 404 211
::1 - - [14/Feb/2016:11:22:22 +0100] "GET /ajax_info.txt HTTP/1.1" 404 211
::1 - - [14/Feb/2016:11:23:08 +0100] "GET / HTTP/1.1" 200 816
::1 - - [14/Feb/2016:11:23:09 +0100] "GET /script/jquery-1.12.0.min.js HTTP/1.1" 304 -
::1 - - [14/Feb/2016:11:23:09 +0100] "GET /script/myFun.js HTTP/1.1" 304 -
::1 - - [14/Feb/2016:11:23:11 +0100] "GET /ajax_info.txt HTTP/1.1" 404 211
::1 - - [14/Feb/2016:11:23:12 +0100] "GET /ajax_info.txt HTTP/1.1" 404 211
::1 - - [14/Feb/2016:11:23:12 +0100] "GET /ajax_info.txt HTTP/1.1" 404 211
::1 - - [14/Feb/2016:11:23:13 +0100] "GET /ajax_info.txt HTTP/1.1" 404 211
::1 - - [14/Feb/2016:11:31:30 +0100] "GET / HTTP/1.1" 200 1214
::1 - - [14/Feb/2016:11:31:30 +0100] "GET /script/myFun.js HTTP/1.1" 304 -
::1 - - [14/Feb/2016:11:31:46 +0100] "GET / HTTP/1.1" 200 1215
::1 - - [14/Feb/2016:11:31:46 +0100] "GET /script/jquery-1.12.0.min.js HTTP/1.1" 304 -
::1 - - [14/Feb/2016:11:31:46 +0100] "GET /script/myFun.js HTTP/1.1" 304 -
::1 - - [14/Feb/2016:11:31:46 +0100] "GET /8124?callback=_testcb&_=1455445906699 HTTP/1.1" 404 202
::1 - - [14/Feb/2016:11:32:06 +0100] "GET /8124?callback=_testcb&_=1455445926582 HTTP/1.1" 404 202
::1 - - [14/Feb/2016:11:32:53 +0100] "GET /8124 HTTP/1.1" 404 202
::1 - - [14/Feb/2016:11:41:24 +0100] "GET /8124 HTTP/1.1" 404 202
::1 - - [14/Feb/2016:11:41:27 +0100] "GET /8124 HTTP/1.1" 404 202
::1 - - [14/Feb/2016:11:43:54 +0100] "GET / HTTP/1.1" 304 -
::1 - - [14/Feb/2016:11:43:54 +0100] "GET /script/myFun.js HTTP/1.1" 304 -
::1 - - [14/Feb/2016:11:43:54 +0100] "GET /8124?callback=_testcb&_=1455446634823 HTTP/1.1" 404 202
::1 - - [14/Feb/2016:11:43:58 +0100] "GET /8124 HTTP/1.1" 404 202
::1 - - [14/Feb/2016:11:52:28 +0100] "GET / HTTP/1.1" 200 1214
::1 - - [14/Feb/2016:11:52:28 +0100] "GET /script/myFun.js HTTP/1.1" 304 -
::1 - - [14/Feb/2016:11:52:28 +0100] "GET /:80?callback=_testcb&_=1455447148860 HTTP/1.1" 403 212
::1 - - [14/Feb/2016:11:52:33 +0100] "GET /8124 HTTP/1.1" 404 202
::1 - - [14/Feb/2016:11:54:05 +0100] "GET /8124 HTTP/1.1" 404 202
::1 - - [14/Feb/2016:11:55:49 +0100] "GET / HTTP/1.1" 200 1225
::1 - - [14/Feb/2016:11:55:49 +0100] "GET /script/myFun.js HTTP/1.1" 304 -
::1 - - [14/Feb/2016:11:55:49 +0100] "GET /script/jquery-1.12.0.min.js HTTP/1.1" 304 -
::1 - - [14/Feb/2016:11:56:32 +0100] "GET / HTTP/1.1" 200 1231
::1 - - [14/Feb/2016:11:56:32 +0100] "GET /script/jquery-1.12.0.min.js HTTP/1.1" 304 -
::1 - - [14/Feb/2016:11:56:32 +0100] "GET /script/myFun.js HTTP/1.1" 304 -
::1 - - [14/Feb/2016:11:56:54 +0100] "GET / HTTP/1.1" 200 1231
::1 - - [14/Feb/2016:11:56:55 +0100] "GET /script/jquery-1.12.0.min.js HTTP/1.1" 304 -
::1 - - [14/Feb/2016:11:56:55 +0100] "GET /script/myFun.js HTTP/1.1" 304 -
::1 - - [14/Feb/2016:11:57:07 +0100] "GET / HTTP/1.1" 200 1231
::1 - - [14/Feb/2016:11:57:08 +0100] "GET /script/jquery-1.12.0.min.js HTTP/1.1" 304 -
::1 - - [14/Feb/2016:11:57:08 +0100] "GET /script/myFun.js HTTP/1.1" 304 -
::1 - - [14/Feb/2016:11:57:17 +0100] "GET / HTTP/1.1" 200 1229
::1 - - [14/Feb/2016:11:57:17 +0100] "GET /script/jquery-1.12.0.min.js HTTP/1.1" 304 -
::1 - - [14/Feb/2016:11:57:17 +0100] "GET /script/myFun.js HTTP/1.1" 304 -
::1 - - [14/Feb/2016:11:57:53 +0100] "GET / HTTP/1.1" 200 1238
::1 - - [14/Feb/2016:11:57:53 +0100] "GET /script/jquery-1.12.0.min.js HTTP/1.1" 304 -
::1 - - [14/Feb/2016:11:57:53 +0100] "GET /script/myFun.js HTTP/1.1" 304 -
::1 - - [14/Feb/2016:11:58:00 +0100] "GET /8124 HTTP/1.1" 404 202
::1 - - [14/Feb/2016:11:58:18 +0100] "GET / HTTP/1.1" 200 1239
::1 - - [14/Feb/2016:11:58:19 +0100] "GET /script/jquery-1.12.0.min.js HTTP/1.1" 304 -
::1 - - [14/Feb/2016:11:58:19 +0100] "GET /script/myFun.js HTTP/1.1" 304 -
::1 - - [14/Feb/2016:11:59:22 +0100] "GET / HTTP/1.1" 304 -
::1 - - [14/Feb/2016:11:59:23 +0100] "GET /script/jquery-1.12.0.min.js HTTP/1.1" 304 -
::1 - - [14/Feb/2016:11:59:23 +0100] "GET /script/myFun.js HTTP/1.1" 304 -
::1 - - [14/Feb/2016:15:21:31 +0100] "GET / HTTP/1.1" 304 -
::1 - - [14/Feb/2016:15:21:31 +0100] "GET /script/myFun.js HTTP/1.1" 304 -
::1 - - [14/Feb/2016:15:21:31 +0100] "GET /script/jquery-1.12.0.min.js HTTP/1.1" 304 -
::1 - - [14/Feb/2016:15:21:51 +0100] "GET / HTTP/1.1" 200 1237
::1 - - [14/Feb/2016:15:21:51 +0100] "GET /script/jquery-1.12.0.min.js HTTP/1.1" 304 -
::1 - - [14/Feb/2016:15:21:51 +0100] "GET /script/myFun.js HTTP/1.1" 304 -
127.0.0.1 - - [14/Feb/2016:15:21:51 +0100] "GET /hjh?_=1455459711442 HTTP/1.1" 404 201
::1 - - [14/Feb/2016:15:22:08 +0100] "GET / HTTP/1.1" 200 1237
::1 - - [14/Feb/2016:15:22:09 +0100] "GET /script/jquery-1.12.0.min.js HTTP/1.1" 304 -
::1 - - [14/Feb/2016:15:22:09 +0100] "GET /script/myFun.js HTTP/1.1" 304 -
::1 - - [14/Feb/2016:15:22:09 +0100] "GET /hjh?_=1455459729184 HTTP/1.1" 404 201
::1 - - [14/Feb/2016:15:22:13 +0100] "GET /8124 HTTP/1.1" 404 202
::1 - - [14/Feb/2016:15:22:44 +0100] "GET / HTTP/1.1" 200 1238
::1 - - [14/Feb/2016:15:22:44 +0100] "GET /script/jquery-1.12.0.min.js HTTP/1.1" 304 -
::1 - - [14/Feb/2016:15:22:44 +0100] "GET /script/myFun.js HTTP/1.1" 304 -
::1 - - [14/Feb/2016:15:22:44 +0100] "GET /8124?_=1455459764323 HTTP/1.1" 404 202
::1 - - [14/Feb/2016:15:22:50 +0100] "GET /8124 HTTP/1.1" 404 202
::1 - - [14/Feb/2016:15:22:54 +0100] "GET /8124 HTTP/1.1" 404 202
::1 - - [14/Feb/2016:15:23:17 +0100] "GET / HTTP/1.1" 304 -
::1 - - [14/Feb/2016:15:23:18 +0100] "GET /script/jquery-1.12.0.min.js HTTP/1.1" 304 -
::1 - - [14/Feb/2016:15:23:18 +0100] "GET /script/myFun.js HTTP/1.1" 304 -
::1 - - [14/Feb/2016:15:23:18 +0100] "GET /8124?_=1455459798144 HTTP/1.1" 404 202
::1 - - [14/Feb/2016:15:23:24 +0100] "GET /8124 HTTP/1.1" 404 202
::1 - - [14/Feb/2016:15:23:25 +0100] "GET /8124 HTTP/1.1" 404 202
::1 - - [14/Feb/2016:15:23:25 +0100] "GET /8124 HTTP/1.1" 404 202
::1 - - [14/Feb/2016:15:23:25 +0100] "GET /8124 HTTP/1.1" 404 202
::1 - - [14/Feb/2016:15:23:52 +0100] "GET / HTTP/1.1" 200 1238
::1 - - [14/Feb/2016:15:23:52 +0100] "GET /script/jquery-1.12.0.min.js HTTP/1.1" 304 -
::1 - - [14/Feb/2016:15:23:52 +0100] "GET /script/myFun.js HTTP/1.1" 304 -
::1 - - [14/Feb/2016:15:23:55 +0100] "GET /8124 HTTP/1.1" 404 202
::1 - - [14/Feb/2016:15:23:59 +0100] "GET /8124 HTTP/1.1" 404 202
::1 - - [14/Feb/2016:15:24:04 +0100] "GET / HTTP/1.1" 304 -
::1 - - [14/Feb/2016:15:24:04 +0100] "GET /script/jquery-1.12.0.min.js HTTP/1.1" 304 -
::1 - - [14/Feb/2016:15:24:04 +0100] "GET /script/myFun.js HTTP/1.1" 304 -
::1 - - [14/Feb/2016:15:24:07 +0100] "GET / HTTP/1.1" 304 -
::1 - - [14/Feb/2016:15:24:07 +0100] "GET /script/jquery-1.12.0.min.js HTTP/1.1" 304 -
::1 - - [14/Feb/2016:15:24:07 +0100] "GET /script/myFun.js HTTP/1.1" 304 -
::1 - - [14/Feb/2016:15:26:00 +0100] "GET / HTTP/1.1" 200 1238
::1 - - [14/Feb/2016:15:26:00 +0100] "GET /script/jquery-1.12.0.min.js HTTP/1.1" 304 -
::1 - - [14/Feb/2016:15:26:00 +0100] "GET /script/myFun.js HTTP/1.1" 304 -
::1 - - [14/Feb/2016:15:26:00 +0100] "GET /8124?_=1455459960368 HTTP/1.1" 404 202
::1 - - [14/Feb/2016:15:26:06 +0100] "GET /8124 HTTP/1.1" 404 202
::1 - - [14/Feb/2016:15:26:08 +0100] "GET /8124 HTTP/1.1" 404 202
::1 - - [14/Feb/2016:15:26:09 +0100] "GET /8124 HTTP/1.1" 404 202
::1 - - [14/Feb/2016:15:30:59 +0100] "GET / HTTP/1.1" 304 -
::1 - - [14/Feb/2016:15:30:59 +0100] "GET /script/jquery-1.12.0.min.js HTTP/1.1" 304 -
::1 - - [14/Feb/2016:15:30:59 +0100] "GET /script/myFun.js HTTP/1.1" 304 -
::1 - - [14/Feb/2016:15:31:00 +0100] "GET /8124?_=1455460259965 HTTP/1.1" 404 202
::1 - - [14/Feb/2016:15:31:05 +0100] "GET /8124 HTTP/1.1" 404 202
::1 - - [14/Feb/2016:15:31:06 +0100] "GET /8124 HTTP/1.1" 404 202
::1 - - [14/Feb/2016:15:31:06 +0100] "GET /8124 HTTP/1.1" 404 202
::1 - - [14/Feb/2016:15:31:06 +0100] "GET /8124 HTTP/1.1" 404 202
::1 - - [14/Feb/2016:15:31:07 +0100] "GET /8124 HTTP/1.1" 404 202
::1 - - [14/Feb/2016:15:35:16 +0100] "GET / HTTP/1.1" 304 -
::1 - - [14/Feb/2016:15:35:16 +0100] "GET /script/jquery-1.12.0.min.js HTTP/1.1" 304 -
::1 - - [14/Feb/2016:15:35:16 +0100] "GET /script/myFun.js HTTP/1.1" 304 -
::1 - - [14/Feb/2016:15:35:16 +0100] "GET /8124?_=1455460516658 HTTP/1.1" 404 202
::1 - - [14/Feb/2016:15:35:21 +0100] "GET /8124 HTTP/1.1" 404 202
::1 - - [14/Feb/2016:15:50:47 +0100] "GET / HTTP/1.1" 200 1238
::1 - - [14/Feb/2016:15:50:47 +0100] "GET /script/jquery-1.12.0.min.js HTTP/1.1" 304 -
::1 - - [14/Feb/2016:15:50:47 +0100] "GET /script/myFun.js HTTP/1.1" 304 -
::1 - - [14/Feb/2016:15:50:47 +0100] "GET /8124?_=1455461447346 HTTP/1.1" 404 202
::1 - - [14/Feb/2016:15:51:02 +0100] "GET /8124 HTTP/1.1" 404 202
::1 - - [14/Feb/2016:15:51:03 +0100] "GET /8124 HTTP/1.1" 404 202
::1 - - [14/Feb/2016:15:51:27 +0100] "GET / HTTP/1.1" 304 -
::1 - - [14/Feb/2016:15:51:28 +0100] "GET /script/jquery-1.12.0.min.js HTTP/1.1" 304 -
::1 - - [14/Feb/2016:15:51:28 +0100] "GET /script/myFun.js HTTP/1.1" 304 -
::1 - - [14/Feb/2016:15:51:28 +0100] "GET /8124?_=1455461488159 HTTP/1.1" 404 202
::1 - - [14/Feb/2016:15:51:29 +0100] "GET /8124 HTTP/1.1" 404 202
::1 - - [14/Feb/2016:15:51:30 +0100] "GET /8124 HTTP/1.1" 404 202
::1 - - [14/Feb/2016:15:52:27 +0100] "GET / HTTP/1.1" 304 -
::1 - - [14/Feb/2016:15:52:27 +0100] "GET /script/jquery-1.12.0.min.js HTTP/1.1" 304 -
::1 - - [14/Feb/2016:15:52:27 +0100] "GET /script/myFun.js HTTP/1.1" 304 -
::1 - - [14/Feb/2016:15:52:28 +0100] "GET /8124?_=1455461548038 HTTP/1.1" 404 202
::1 - - [14/Feb/2016:15:52:32 +0100] "GET /8124 HTTP/1.1" 404 202
::1 - - [14/Feb/2016:15:52:57 +0100] "GET / HTTP/1.1" 200 1238
::1 - - [14/Feb/2016:15:52:57 +0100] "GET /script/jquery-1.12.0.min.js HTTP/1.1" 304 -
::1 - - [14/Feb/2016:15:52:57 +0100] "GET /script/myFun.js HTTP/1.1" 304 -
::1 - - [14/Feb/2016:15:55:33 +0100] "GET / HTTP/1.1" 200 1278
::1 - - [14/Feb/2016:15:55:34 +0100] "GET /8124?_=1455461734081 HTTP/1.1" 404 202
::1 - - [14/Feb/2016:15:56:18 +0100] "GET /8124?_=1455461778360 HTTP/1.1" 404 202
::1 - - [14/Feb/2016:15:56:57 +0100] "GET / HTTP/1.1" 200 1278
::1 - - [14/Feb/2016:15:58:10 +0100] "GET / HTTP/1.1" 200 1274
::1 - - [14/Feb/2016:15:58:10 +0100] "GET /script/jquery-1.12.0.min.js HTTP/1.1" 304 -
::1 - - [14/Feb/2016:15:58:10 +0100] "GET /script/myFun.js HTTP/1.1" 304 -
::1 - - [14/Feb/2016:15:58:15 +0100] "GET /8124 HTTP/1.1" 404 202
::1 - - [14/Feb/2016:15:58:16 +0100] "GET /8124 HTTP/1.1" 404 202
::1 - - [14/Feb/2016:16:00:18 +0100] "GET / HTTP/1.1" 200 1355
::1 - - [14/Feb/2016:16:00:18 +0100] "GET /script/jquery-1.12.0.min.js HTTP/1.1" 304 -
::1 - - [14/Feb/2016:16:00:18 +0100] "GET /script/myFun.js HTTP/1.1" 304 -
::1 - - [14/Feb/2016:16:01:05 +0100] "GET / HTTP/1.1" 200 1371
::1 - - [14/Feb/2016:16:01:05 +0100] "GET /script/jquery-1.12.0.min.js HTTP/1.1" 304 -
::1 - - [14/Feb/2016:16:01:05 +0100] "GET /script/myFun.js HTTP/1.1" 304 -
::1 - - [14/Feb/2016:16:01:47 +0100] "GET / HTTP/1.1" 200 1358
::1 - - [14/Feb/2016:16:01:47 +0100] "GET /script/jquery-1.12.0.min.js HTTP/1.1" 304 -
::1 - - [14/Feb/2016:16:01:47 +0100] "GET /script/myFun.js HTTP/1.1" 304 -
::1 - - [14/Feb/2016:16:02:12 +0100] "GET / HTTP/1.1" 200 1335
::1 - - [14/Feb/2016:16:02:13 +0100] "GET /script/jquery-1.12.0.min.js HTTP/1.1" 304 -
::1 - - [14/Feb/2016:16:02:13 +0100] "GET /script/myFun.js HTTP/1.1" 304 -
::1 - - [14/Feb/2016:16:03:17 +0100] "GET / HTTP/1.1" 200 1321
::1 - - [14/Feb/2016:16:03:17 +0100] "GET /script/jquery-1.12.0.min.js HTTP/1.1" 304 -
::1 - - [14/Feb/2016:16:03:17 +0100] "GET /script/myFun.js HTTP/1.1" 304 -
::1 - - [14/Feb/2016:16:04:23 +0100] "GET / HTTP/1.1" 200 1377
::1 - - [14/Feb/2016:16:04:23 +0100] "GET /script/jquery-1.12.0.min.js HTTP/1.1" 304 -
::1 - - [14/Feb/2016:16:04:23 +0100] "GET /script/myFun.js HTTP/1.1" 304 -
::1 - - [14/Feb/2016:16:06:29 +0100] "GET / HTTP/1.1" 200 1284
::1 - - [14/Feb/2016:16:06:29 +0100] "GET /script/jquery-1.12.0.min.js HTTP/1.1" 304 -
::1 - - [14/Feb/2016:16:06:29 +0100] "GET /script/myFun.js HTTP/1.1" 304 -
::1 - - [14/Feb/2016:16:08:00 +0100] "GET / HTTP/1.1" 304 -
::1 - - [14/Feb/2016:16:08:01 +0100] "GET /script/jquery-1.12.0.min.js HTTP/1.1" 304 -
::1 - - [14/Feb/2016:16:08:01 +0100] "GET /script/myFun.js HTTP/1.1" 304 -
::1 - - [14/Feb/2016:16:08:12 +0100] "GET / HTTP/1.1" 304 -
::1 - - [14/Feb/2016:16:08:12 +0100] "GET /script/jquery-1.12.0.min.js HTTP/1.1" 304 -
::1 - - [14/Feb/2016:16:08:12 +0100] "GET /script/myFun.js HTTP/1.1" 304 -
::1 - - [14/Feb/2016:16:08:25 +0100] "GET / HTTP/1.1" 304 -
::1 - - [14/Feb/2016:16:08:41 +0100] "GET / HTTP/1.1" 200 1289
::1 - - [14/Feb/2016:16:08:41 +0100] "GET /script/jquery-1.12.0.min.js HTTP/1.1" 304 -
::1 - - [14/Feb/2016:16:08:41 +0100] "GET /script/myFun.js HTTP/1.1" 304 -
::1 - - [14/Feb/2016:16:09:10 +0100] "GET / HTTP/1.1" 200 1289
::1 - - [14/Feb/2016:16:09:10 +0100] "GET /script/jquery-1.12.0.min.js HTTP/1.1" 304 -
::1 - - [14/Feb/2016:16:09:10 +0100] "GET /script/myFun.js HTTP/1.1" 304 -
::1 - - [14/Feb/2016:16:09:40 +0100] "GET / HTTP/1.1" 304 -
::1 - - [14/Feb/2016:16:09:40 +0100] "GET /script/jquery-1.12.0.min.js HTTP/1.1" 304 -
::1 - - [14/Feb/2016:16:09:40 +0100] "GET /script/myFun.js HTTP/1.1" 304 -
::1 - - [14/Feb/2016:16:10:04 +0100] "GET / HTTP/1.1" 304 -
::1 - - [14/Feb/2016:16:10:04 +0100] "GET /script/jquery-1.12.0.min.js HTTP/1.1" 304 -
::1 - - [14/Feb/2016:16:10:04 +0100] "GET /script/myFun.js HTTP/1.1" 304 -
::1 - - [14/Feb/2016:16:10:18 +0100] "GET / HTTP/1.1" 304 -
::1 - - [14/Feb/2016:16:10:18 +0100] "GET /script/jquery-1.12.0.min.js HTTP/1.1" 304 -
::1 - - [14/Feb/2016:16:10:18 +0100] "GET /script/myFun.js HTTP/1.1" 304 -
::1 - - [14/Feb/2016:16:11:56 +0100] "GET / HTTP/1.1" 200 1303
::1 - - [14/Feb/2016:16:11:57 +0100] "GET /script/jquery-1.12.0.min.js HTTP/1.1" 304 -
::1 - - [14/Feb/2016:16:11:57 +0100] "GET /script/myFun.js HTTP/1.1" 304 -
::1 - - [14/Feb/2016:16:12:17 +0100] "GET / HTTP/1.1" 200 1289
::1 - - [14/Feb/2016:16:12:18 +0100] "GET /script/jquery-1.12.0.min.js HTTP/1.1" 304 -
::1 - - [14/Feb/2016:16:12:18 +0100] "GET /script/myFun.js HTTP/1.1" 304 -
::1 - - [14/Feb/2016:16:13:41 +0100] "GET / HTTP/1.1" 200 802
::1 - - [14/Feb/2016:16:13:42 +0100] "GET /script/jquery-1.12.0.min.js HTTP/1.1" 304 -
::1 - - [14/Feb/2016:16:13:42 +0100] "GET /script/myFun.js HTTP/1.1" 304 -
::1 - - [14/Feb/2016:16:14:18 +0100] "GET / HTTP/1.1" 304 -
::1 - - [14/Feb/2016:16:14:18 +0100] "GET /script/jquery-1.12.0.min.js HTTP/1.1" 304 -
::1 - - [14/Feb/2016:16:14:18 +0100] "GET /script/myFun.js HTTP/1.1" 304 -
::1 - - [14/Feb/2016:16:14:29 +0100] "GET / HTTP/1.1" 304 -
::1 - - [14/Feb/2016:16:14:29 +0100] "GET /script/jquery-1.12.0.min.js HTTP/1.1" 304 -
::1 - - [14/Feb/2016:16:14:29 +0100] "GET /script/myFun.js HTTP/1.1" 304 -
::1 - - [14/Feb/2016:16:15:07 +0100] "GET / HTTP/1.1" 304 -
::1 - - [14/Feb/2016:16:15:07 +0100] "GET /script/jquery-1.12.0.min.js HTTP/1.1" 304 -
::1 - - [14/Feb/2016:16:15:07 +0100] "GET /script/myFun.js HTTP/1.1" 304 -
::1 - - [14/Feb/2016:16:15:15 +0100] "GET / HTTP/1.1" 304 -
::1 - - [14/Feb/2016:16:15:15 +0100] "GET /script/jquery-1.12.0.min.js HTTP/1.1" 304 -
::1 - - [14/Feb/2016:16:15:15 +0100] "GET /script/myFun.js HTTP/1.1" 304 -
::1 - - [14/Feb/2016:16:17:03 +0100] "GET / HTTP/1.1" 304 -
::1 - - [14/Feb/2016:16:17:03 +0100] "GET /script/jquery-1.12.0.min.js HTTP/1.1" 304 -
::1 - - [14/Feb/2016:16:17:03 +0100] "GET /script/myFun.js HTTP/1.1" 304 -
::1 - - [14/Feb/2016:16:18:48 +0100] "GET / HTTP/1.1" 304 -
::1 - - [14/Feb/2016:16:18:48 +0100] "GET /script/jquery-1.12.0.min.js HTTP/1.1" 304 -
::1 - - [14/Feb/2016:16:18:48 +0100] "GET /script/myFun.js HTTP/1.1" 304 -
::1 - - [14/Feb/2016:16:19:35 +0100] "GET / HTTP/1.1" 304 -
::1 - - [14/Feb/2016:16:19:35 +0100] "GET /script/jquery-1.12.0.min.js HTTP/1.1" 304 -
::1 - - [14/Feb/2016:16:19:35 +0100] "GET /script/myFun.js HTTP/1.1" 304 -
::1 - - [14/Feb/2016:16:20:44 +0100] "GET / HTTP/1.1" 200 815
::1 - - [14/Feb/2016:16:20:44 +0100] "GET /script/jquery-1.12.0.min.js HTTP/1.1" 304 -
::1 - - [14/Feb/2016:16:20:44 +0100] "GET /script/myFun.js HTTP/1.1" 304 -
::1 - - [14/Feb/2016:16:21:11 +0100] "GET / HTTP/1.1" 200 843
::1 - - [14/Feb/2016:16:21:11 +0100] "GET /script/jquery-1.12.0.min.js HTTP/1.1" 304 -
::1 - - [14/Feb/2016:16:21:11 +0100] "GET /script/myFun.js HTTP/1.1" 304 -
::1 - - [14/Feb/2016:16:22:28 +0100] "GET / HTTP/1.1" 304 -
::1 - - [14/Feb/2016:16:22:28 +0100] "GET /script/jquery-1.12.0.min.js HTTP/1.1" 304 -
::1 - - [14/Feb/2016:16:22:28 +0100] "GET /script/myFun.js HTTP/1.1" 304 -
::1 - - [14/Feb/2016:16:26:14 +0100] "GET / HTTP/1.1" 200 845
::1 - - [14/Feb/2016:16:26:14 +0100] "GET /script/jquery-1.12.0.min.js HTTP/1.1" 304 -
::1 - - [14/Feb/2016:16:26:14 +0100] "GET /script/myFun.js HTTP/1.1" 304 -
::1 - - [14/Feb/2016:16:26:35 +0100] "GET / HTTP/1.1" 304 -
::1 - - [14/Feb/2016:16:26:35 +0100] "GET /script/jquery-1.12.0.min.js HTTP/1.1" 304 -
::1 - - [14/Feb/2016:16:26:35 +0100] "GET /script/myFun.js HTTP/1.1" 304 -
::1 - - [14/Feb/2016:16:27:05 +0100] "GET / HTTP/1.1" 304 -
::1 - - [14/Feb/2016:16:27:05 +0100] "GET /script/jquery-1.12.0.min.js HTTP/1.1" 304 -
::1 - - [14/Feb/2016:16:27:05 +0100] "GET /script/myFun.js HTTP/1.1" 304 -
::1 - - [14/Feb/2016:16:27:22 +0100] "GET / HTTP/1.1" 200 843
::1 - - [14/Feb/2016:16:27:22 +0100] "GET /script/jquery-1.12.0.min.js HTTP/1.1" 304 -
::1 - - [14/Feb/2016:16:27:22 +0100] "GET /script/myFun.js HTTP/1.1" 304 -
::1 - - [14/Feb/2016:16:27:41 +0100] "GET / HTTP/1.1" 304 -
::1 - - [14/Feb/2016:16:27:41 +0100] "GET /script/jquery-1.12.0.min.js HTTP/1.1" 304 -
::1 - - [14/Feb/2016:16:27:41 +0100] "GET /script/myFun.js HTTP/1.1" 304 -
::1 - - [14/Feb/2016:16:28:06 +0100] "GET / HTTP/1.1" 304 -
::1 - - [14/Feb/2016:16:28:06 +0100] "GET /script/jquery-1.12.0.min.js HTTP/1.1" 304 -
::1 - - [14/Feb/2016:16:28:06 +0100] "GET /script/myFun.js HTTP/1.1" 304 -
::1 - - [14/Feb/2016:16:33:40 +0100] "GET / HTTP/1.1" 200 906
::1 - - [14/Feb/2016:16:33:40 +0100] "GET /script/jquery-1.12.0.min.js HTTP/1.1" 304 -
::1 - - [14/Feb/2016:16:33:40 +0100] "GET /script/myFun.js HTTP/1.1" 304 -
::1 - - [14/Feb/2016:16:33:53 +0100] "GET / HTTP/1.1" 200 907
::1 - - [14/Feb/2016:16:33:53 +0100] "GET /script/jquery-1.12.0.min.js HTTP/1.1" 304 -
::1 - - [14/Feb/2016:16:33:53 +0100] "GET /script/myFun.js HTTP/1.1" 304 -
::1 - - [14/Feb/2016:16:34:13 +0100] "GET / HTTP/1.1" 200 879
::1 - - [14/Feb/2016:16:34:13 +0100] "GET /script/jquery-1.12.0.min.js HTTP/1.1" 304 -
::1 - - [14/Feb/2016:16:34:13 +0100] "GET /script/myFun.js HTTP/1.1" 304 -
::1 - - [14/Feb/2016:16:34:21 +0100] "GET / HTTP/1.1" 304 -
::1 - - [14/Feb/2016:16:34:21 +0100] "GET /script/jquery-1.12.0.min.js HTTP/1.1" 304 -
::1 - - [14/Feb/2016:16:34:21 +0100] "GET /script/myFun.js HTTP/1.1" 304 -
::1 - - [14/Feb/2016:16:34:35 +0100] "GET / HTTP/1.1" 304 -
::1 - - [14/Feb/2016:16:34:36 +0100] "GET /script/jquery-1.12.0.min.js HTTP/1.1" 304 -
::1 - - [14/Feb/2016:16:34:36 +0100] "GET /script/myFun.js HTTP/1.1" 304 -
::1 - - [14/Feb/2016:16:42:29 +0100] "GET / HTTP/1.1" 304 -
::1 - - [14/Feb/2016:16:42:30 +0100] "GET /script/jquery-1.12.0.min.js HTTP/1.1" 304 -
::1 - - [14/Feb/2016:16:42:30 +0100] "GET /script/myFun.js HTTP/1.1" 304 -
::1 - - [14/Feb/2016:16:43:08 +0100] "GET / HTTP/1.1" 200 858
::1 - - [14/Feb/2016:16:43:08 +0100] "GET /script/jquery-1.12.0.min.js HTTP/1.1" 304 -
::1 - - [14/Feb/2016:16:43:08 +0100] "GET /script/myFun.js HTTP/1.1" 304 -
::1 - - [14/Feb/2016:16:43:28 +0100] "GET / HTTP/1.1" 304 -
::1 - - [14/Feb/2016:16:43:28 +0100] "GET /script/jquery-1.12.0.min.js HTTP/1.1" 304 -
::1 - - [14/Feb/2016:16:43:28 +0100] "GET /script/myFun.js HTTP/1.1" 304 -
::1 - - [14/Feb/2016:16:43:49 +0100] "GET / HTTP/1.1" 304 -
::1 - - [14/Feb/2016:16:43:49 +0100] "GET /script/jquery-1.12.0.min.js HTTP/1.1" 304 -
::1 - - [14/Feb/2016:16:43:49 +0100] "GET /script/myFun.js HTTP/1.1" 304 -
::1 - - [14/Feb/2016:16:44:12 +0100] "GET / HTTP/1.1" 200 823
::1 - - [14/Feb/2016:16:44:12 +0100] "GET /script/jquery-1.12.0.min.js HTTP/1.1" 304 -
::1 - - [14/Feb/2016:16:44:12 +0100] "GET /script/myFun.js HTTP/1.1" 304 -
::1 - - [14/Feb/2016:16:44:26 +0100] "GET / HTTP/1.1" 304 -
::1 - - [14/Feb/2016:16:44:26 +0100] "GET /script/jquery-1.12.0.min.js HTTP/1.1" 304 -
::1 - - [14/Feb/2016:16:44:26 +0100] "GET /script/myFun.js HTTP/1.1" 304 -
::1 - - [14/Feb/2016:16:44:41 +0100] "GET / HTTP/1.1" 200 858
::1 - - [14/Feb/2016:16:44:41 +0100] "GET /script/jquery-1.12.0.min.js HTTP/1.1" 304 -
::1 - - [14/Feb/2016:16:44:41 +0100] "GET /script/myFun.js HTTP/1.1" 304 -
::1 - - [14/Feb/2016:16:45:22 +0100] "GET / HTTP/1.1" 200 855
::1 - - [14/Feb/2016:16:45:22 +0100] "GET /script/jquery-1.12.0.min.js HTTP/1.1" 304 -
::1 - - [14/Feb/2016:16:45:22 +0100] "GET /script/myFun.js HTTP/1.1" 304 -
::1 - - [14/Feb/2016:16:45:29 +0100] "GET / HTTP/1.1" 304 -
::1 - - [14/Feb/2016:16:45:29 +0100] "GET /script/jquery-1.12.0.min.js HTTP/1.1" 304 -
::1 - - [14/Feb/2016:16:45:29 +0100] "GET /script/myFun.js HTTP/1.1" 304 -
::1 - - [14/Feb/2016:16:45:48 +0100] "GET / HTTP/1.1" 200 853
::1 - - [14/Feb/2016:16:45:48 +0100] "GET /script/jquery-1.12.0.min.js HTTP/1.1" 304 -
::1 - - [14/Feb/2016:16:45:48 +0100] "GET /script/myFun.js HTTP/1.1" 304 -
::1 - - [14/Feb/2016:16:46:08 +0100] "GET / HTTP/1.1" 200 857
::1 - - [14/Feb/2016:16:46:08 +0100] "GET /script/jquery-1.12.0.min.js HTTP/1.1" 304 -
::1 - - [14/Feb/2016:16:46:08 +0100] "GET /script/myFun.js HTTP/1.1" 304 -
::1 - - [14/Feb/2016:16:46:43 +0100] "GET / HTTP/1.1" 200 855
::1 - - [14/Feb/2016:16:46:43 +0100] "GET /script/jquery-1.12.0.min.js HTTP/1.1" 304 -
::1 - - [14/Feb/2016:16:46:43 +0100] "GET /script/myFun.js HTTP/1.1" 304 -
::1 - - [14/Feb/2016:16:47:03 +0100] "GET / HTTP/1.1" 304 -
::1 - - [14/Feb/2016:16:47:03 +0100] "GET /script/jquery-1.12.0.min.js HTTP/1.1" 304 -
::1 - - [14/Feb/2016:16:47:03 +0100] "GET /script/myFun.js HTTP/1.1" 304 -
::1 - - [14/Feb/2016:16:47:45 +0100] "GET / HTTP/1.1" 200 849
::1 - - [14/Feb/2016:16:47:45 +0100] "GET /script/jquery-1.12.0.min.js HTTP/1.1" 304 -
::1 - - [14/Feb/2016:16:47:45 +0100] "GET /script/myFun.js HTTP/1.1" 304 -
::1 - - [14/Feb/2016:16:47:59 +0100] "GET / HTTP/1.1" 304 -
::1 - - [14/Feb/2016:16:47:59 +0100] "GET /script/jquery-1.12.0.min.js HTTP/1.1" 304 -
::1 - - [14/Feb/2016:16:47:59 +0100] "GET /script/myFun.js HTTP/1.1" 304 -
::1 - - [14/Feb/2016:16:49:24 +0100] "GET / HTTP/1.1" 200 884
::1 - - [14/Feb/2016:16:49:24 +0100] "GET /script/jquery-1.12.0.min.js HTTP/1.1" 304 -
::1 - - [14/Feb/2016:16:49:24 +0100] "GET /script/myFun.js HTTP/1.1" 304 -
::1 - - [14/Feb/2016:16:49:57 +0100] "GET / HTTP/1.1" 304 -
::1 - - [14/Feb/2016:16:49:57 +0100] "GET /script/jquery-1.12.0.min.js HTTP/1.1" 304 -
::1 - - [14/Feb/2016:16:49:57 +0100] "GET /script/myFun.js HTTP/1.1" 304 -
::1 - - [14/Feb/2016:16:50:03 +0100] "GET / HTTP/1.1" 304 -
::1 - - [14/Feb/2016:16:50:04 +0100] "GET /script/jquery-1.12.0.min.js HTTP/1.1" 304 -
::1 - - [14/Feb/2016:16:50:04 +0100] "GET /script/myFun.js HTTP/1.1" 304 -
::1 - - [14/Feb/2016:17:18:39 +0100] "GET / HTTP/1.1" 200 842
::1 - - [14/Feb/2016:17:18:39 +0100] "GET /script/jquery-1.12.0.min.js HTTP/1.1" 304 -
::1 - - [14/Feb/2016:17:18:39 +0100] "GET /script/myFun.js HTTP/1.1" 304 -
::1 - - [14/Feb/2016:17:19:13 +0100] "GET / HTTP/1.1" 200 845
::1 - - [14/Feb/2016:17:19:13 +0100] "GET /script/jquery-1.12.0.min.js HTTP/1.1" 304 -
::1 - - [14/Feb/2016:17:19:13 +0100] "GET /script/myFun.js HTTP/1.1" 304 -
::1 - - [14/Feb/2016:17:19:54 +0100] "GET / HTTP/1.1" 304 -
::1 - - [14/Feb/2016:17:19:54 +0100] "GET /script/jquery-1.12.0.min.js HTTP/1.1" 304 -
::1 - - [14/Feb/2016:17:19:54 +0100] "GET /script/myFun.js HTTP/1.1" 304 -
::1 - - [14/Feb/2016:17:20:11 +0100] "GET / HTTP/1.1" 304 -
::1 - - [14/Feb/2016:17:20:12 +0100] "GET /script/jquery-1.12.0.min.js HTTP/1.1" 304 -
::1 - - [14/Feb/2016:17:20:12 +0100] "GET /script/myFun.js HTTP/1.1" 304 -
::1 - - [14/Feb/2016:17:20:40 +0100] "GET / HTTP/1.1" 200 843
::1 - - [14/Feb/2016:17:20:40 +0100] "GET /script/jquery-1.12.0.min.js HTTP/1.1" 304 -
::1 - - [14/Feb/2016:17:20:40 +0100] "GET /script/myFun.js HTTP/1.1" 304 -
::1 - - [14/Feb/2016:17:20:46 +0100] "GET / HTTP/1.1" 304 -
::1 - - [14/Feb/2016:17:20:46 +0100] "GET /script/jquery-1.12.0.min.js HTTP/1.1" 304 -
::1 - - [14/Feb/2016:17:20:46 +0100] "GET /script/myFun.js HTTP/1.1" 304 -
::1 - - [14/Feb/2016:17:27:11 +0100] "GET / HTTP/1.1" 304 -
::1 - - [14/Feb/2016:17:28:09 +0100] "GET / HTTP/1.1" 304 -
::1 - - [14/Feb/2016:17:28:18 +0100] "GET / HTTP/1.1" 304 -
::1 - - [14/Feb/2016:18:19:36 +0100] "GET / HTTP/1.1" 200 546
::1 - - [14/Feb/2016:18:19:37 +0100] "GET /script/myFun.js HTTP/1.1" 304 -
::1 - - [14/Feb/2016:18:19:37 +0100] "GET /locations.json HTTP/1.1" 200 267
::1 - - [14/Feb/2016:18:20:44 +0100] "GET / HTTP/1.1" 200 538
::1 - - [14/Feb/2016:18:20:44 +0100] "GET /script/jquery-1.12.0.min.js HTTP/1.1" 304 -
::1 - - [14/Feb/2016:18:20:44 +0100] "GET /script/myFun.js HTTP/1.1" 304 -
::1 - - [14/Feb/2016:18:20:44 +0100] "GET /locations.json HTTP/1.1" 304 -
::1 - - [14/Feb/2016:18:22:57 +0100] "GET /locations.json HTTP/1.1" 304 -
::1 - - [14/Feb/2016:18:25:19 +0100] "GET / HTTP/1.1" 200 557
::1 - - [14/Feb/2016:18:25:20 +0100] "GET /script/jquery-1.12.0.min.js HTTP/1.1" 304 -
::1 - - [14/Feb/2016:18:25:20 +0100] "GET /script/myFun.js HTTP/1.1" 304 -
::1 - - [14/Feb/2016:18:25:20 +0100] "GET /locations.json HTTP/1.1" 304 -
::1 - - [14/Feb/2016:18:28:43 +0100] "GET / HTTP/1.1" 200 592
::1 - - [14/Feb/2016:18:28:43 +0100] "GET /script/jquery-1.12.0.min.js HTTP/1.1" 304 -
::1 - - [14/Feb/2016:18:28:43 +0100] "GET /script/myFun.js HTTP/1.1" 304 -
::1 - - [14/Feb/2016:18:28:59 +0100] "GET / HTTP/1.1" 200 593
::1 - - [14/Feb/2016:18:28:59 +0100] "GET /script/jquery-1.12.0.min.js HTTP/1.1" 304 -
::1 - - [14/Feb/2016:18:28:59 +0100] "GET /script/myFun.js HTTP/1.1" 304 -
::1 - - [14/Feb/2016:18:30:22 +0100] "GET / HTTP/1.1" 200 602
::1 - - [14/Feb/2016:18:30:22 +0100] "GET /script/jquery-1.12.0.min.js HTTP/1.1" 304 -
::1 - - [14/Feb/2016:18:30:22 +0100] "GET /script/myFun.js HTTP/1.1" 304 -
::1 - - [14/Feb/2016:18:30:36 +0100] "GET / HTTP/1.1" 200 603
::1 - - [14/Feb/2016:18:30:37 +0100] "GET /script/jquery-1.12.0.min.js HTTP/1.1" 304 -
::1 - - [14/Feb/2016:18:30:37 +0100] "GET /script/myFun.js HTTP/1.1" 304 -
::1 - - [14/Feb/2016:18:30:37 +0100] "GET /locations.json HTTP/1.1" 304 -
::1 - - [14/Feb/2016:18:31:18 +0100] "GET / HTTP/1.1" 200 609
::1 - - [14/Feb/2016:18:31:19 +0100] "GET /script/jquery-1.12.0.min.js HTTP/1.1" 304 -
::1 - - [14/Feb/2016:18:31:19 +0100] "GET /script/myFun.js HTTP/1.1" 304 -
::1 - - [14/Feb/2016:18:31:19 +0100] "GET /locations.json HTTP/1.1" 304 -
::1 - - [14/Feb/2016:18:32:36 +0100] "GET / HTTP/1.1" 200 599
::1 - - [14/Feb/2016:18:32:36 +0100] "GET /script/jquery-1.12.0.min.js HTTP/1.1" 304 -
::1 - - [14/Feb/2016:18:32:36 +0100] "GET /script/myFun.js HTTP/1.1" 304 -
::1 - - [14/Feb/2016:18:32:36 +0100] "GET /locations.json HTTP/1.1" 304 -
::1 - - [14/Feb/2016:18:33:52 +0100] "GET / HTTP/1.1" 200 597
::1 - - [14/Feb/2016:18:33:52 +0100] "GET /script/jquery-1.12.0.min.js HTTP/1.1" 304 -
::1 - - [14/Feb/2016:18:33:52 +0100] "GET /script/myFun.js HTTP/1.1" 304 -
::1 - - [14/Feb/2016:18:33:52 +0100] "GET /locations.json HTTP/1.1" 304 -
::1 - - [14/Feb/2016:18:36:30 +0100] "GET / HTTP/1.1" 200 638
::1 - - [14/Feb/2016:18:36:31 +0100] "GET /script/jquery-1.12.0.min.js HTTP/1.1" 304 -
::1 - - [14/Feb/2016:18:36:31 +0100] "GET /script/myFun.js HTTP/1.1" 304 -
::1 - - [14/Feb/2016:18:36:31 +0100] "GET /locations.json HTTP/1.1" 304 -
::1 - - [14/Feb/2016:18:36:45 +0100] "GET / HTTP/1.1" 200 635
::1 - - [14/Feb/2016:18:36:45 +0100] "GET /script/jquery-1.12.0.min.js HTTP/1.1" 304 -
::1 - - [14/Feb/2016:18:36:45 +0100] "GET /script/myFun.js HTTP/1.1" 304 -
::1 - - [14/Feb/2016:18:36:45 +0100] "GET /locations.json HTTP/1.1" 304 -
::1 - - [14/Feb/2016:18:37:01 +0100] "GET / HTTP/1.1" 200 673
::1 - - [14/Feb/2016:18:37:01 +0100] "GET /script/jquery-1.12.0.min.js HTTP/1.1" 304 -
::1 - - [14/Feb/2016:18:37:01 +0100] "GET /script/myFun.js HTTP/1.1" 304 -
::1 - - [14/Feb/2016:18:37:01 +0100] "GET /locations.json HTTP/1.1" 304 -
