[Wed Feb 10 14:12:15.727812 2016] [mpm_winnt:notice] [pid 6260:tid 612] AH00455: Apache/2.4.18 (Win64) configured -- resuming normal operations
[Wed Feb 10 14:12:15.727812 2016] [mpm_winnt:notice] [pid 6260:tid 612] AH00456: Apache Lounge VC14 Server built: Dec  9 2015 11:13:29
[Wed Feb 10 14:12:15.727812 2016] [core:notice] [pid 6260:tid 612] AH00094: Command line: 'httpd.exe -d C:/ELVIS/apacheHTTP/Apache24'
[Wed Feb 10 14:12:15.727812 2016] [mpm_winnt:notice] [pid 6260:tid 612] AH00418: Parent: Created child process 6192
Apache server interrupted...
016] [mpm_winnt:notice] [pid 6192:tid 640] AH00354: Child: Starting 64 worker threads.
[Wed Feb 10 14:29:18.076335 2016] [mpm_winnt:notice] [pid 6260:tid 612] AH00422: Parent: Received shutdown signal -- Shutting down the server.
[Wed Feb 10 14:29:20.097239 2016] [mpm_winnt:notice] [pid 6192:tid 640] AH00364: Child: All worker threads have exited.
[Wed Feb 10 14:29:20.119373 2016] [mpm_winnt:notice] [pid 6260:tid 612] AH00430: Parent: Child process 6192 exited successfully.
[Wed Feb 10 14:29:46.033605 2016] [mpm_winnt:notice] [pid 2620:tid 636] AH00455: Apache/2.4.18 (Win64) configured -- resuming normal operations
[Wed Feb 10 14:29:46.033605 2016] [mpm_winnt:notice] [pid 2620:tid 636] AH00456: Apache Lounge VC14 Server built: Dec  9 2015 11:13:29
[Wed Feb 10 14:29:46.033605 2016] [core:notice] [pid 2620:tid 636] AH00094: Command line: 'httpd.exe -d C:/ELVIS/apacheHTTP/Apache24'
[Wed Feb 10 14:29:46.033605 2016] [mpm_winnt:notice] [pid 2620:tid 636] AH00418: Parent: Created child process 6532
Apache server interrupted...
016] [mpm_winnt:notice] [pid 6532:tid 628] AH00354: Child: Starting 64 worker threads.
[Wed Feb 10 14:57:51.159108 2016] [mpm_winnt:notice] [pid 2620:tid 636] AH00422: Parent: Received shutdown signal -- Shutting down the server.
[Wed Feb 10 14:57:53.180016 2016] [mpm_winnt:notice] [pid 6532:tid 628] AH00364: Child: All worker threads have exited.
[Wed Feb 10 14:57:53.217284 2016] [mpm_winnt:notice] [pid 2620:tid 636] AH00430: Parent: Child process 6532 exited successfully.
[Wed Feb 10 14:58:22.608979 2016] [mpm_winnt:notice] [pid 9004:tid 616] AH00455: Apache/2.4.18 (Win64) configured -- resuming normal operations
[Wed Feb 10 14:58:22.608979 2016] [mpm_winnt:notice] [pid 9004:tid 616] AH00456: Apache Lounge VC14 Server built: Dec  9 2015 11:13:29
[Wed Feb 10 14:58:22.608979 2016] [core:notice] [pid 9004:tid 616] AH00094: Command line: 'httpd.exe -d C:/ELVIS/apacheHTTP/Apache24'
[Wed Feb 10 14:58:22.608979 2016] [mpm_winnt:notice] [pid 9004:tid 616] AH00418: Parent: Created child process 8208
Apache server interrupted...
016] [mpm_winnt:notice] [pid 8208:tid 640] AH00354: Child: Starting 64 worker threads.
[Wed Feb 10 16:46:30.576874 2016] [mpm_winnt:notice] [pid 9004:tid 616] AH00422: Parent: Received shutdown signal -- Shutting down the server.
[Wed Feb 10 16:46:32.597777 2016] [mpm_winnt:notice] [pid 8208:tid 640] AH00364: Child: All worker threads have exited.
[Wed Feb 10 16:46:32.635544 2016] [mpm_winnt:notice] [pid 9004:tid 616] AH00430: Parent: Child process 8208 exited successfully.
[Wed Feb 10 17:06:42.087499 2016] [mpm_winnt:notice] [pid 4336:tid 644] AH00455: Apache/2.4.18 (Win64) configured -- resuming normal operations
[Wed Feb 10 17:06:42.087499 2016] [mpm_winnt:notice] [pid 4336:tid 644] AH00456: Apache Lounge VC14 Server built: Dec  9 2015 11:13:29
[Wed Feb 10 17:06:42.087499 2016] [core:notice] [pid 4336:tid 644] AH00094: Command line: 'httpd.exe -d C:/ELVIS/apacheHTTP/Apache24'
[Wed Feb 10 17:06:42.087499 2016] [mpm_winnt:notice] [pid 4336:tid 644] AH00418: Parent: Created child process 1744
Apache server interrupted...
016] [mpm_winnt:notice] [pid 1744:tid 628] AH00354: Child: Starting 64 worker threads.
[Wed Feb 10 17:09:08.687934 2016] [mpm_winnt:notice] [pid 4336:tid 644] AH00422: Parent: Received shutdown signal -- Shutting down the server.
[Wed Feb 10 17:09:10.707355 2016] [mpm_winnt:notice] [pid 1744:tid 628] AH00364: Child: All worker threads have exited.
[Wed Feb 10 17:09:10.745122 2016] [mpm_winnt:notice] [pid 4336:tid 644] AH00430: Parent: Child process 1744 exited successfully.
[Wed Feb 10 17:09:20.085027 2016] [mpm_winnt:notice] [pid 3092:tid 600] AH00455: Apache/2.4.18 (Win64) configured -- resuming normal operations
[Wed Feb 10 17:09:20.085027 2016] [mpm_winnt:notice] [pid 3092:tid 600] AH00456: Apache Lounge VC14 Server built: Dec  9 2015 11:13:29
[Wed Feb 10 17:09:20.085027 2016] [core:notice] [pid 3092:tid 600] AH00094: Command line: 'httpd.exe -d C:/ELVIS/apacheHTTP/Apache24'
[Wed Feb 10 17:09:20.085027 2016] [mpm_winnt:notice] [pid 3092:tid 600] AH00418: Parent: Created child process 1524
Apache server interrupted...
016] [mpm_winnt:notice] [pid 1524:tid 632] AH00354: Child: Starting 64 worker threads.
[Wed Feb 10 17:09:46.598762 2016] [mpm_winnt:notice] [pid 3092:tid 600] AH00422: Parent: Received shutdown signal -- Shutting down the server.
[Wed Feb 10 17:09:48.620201 2016] [mpm_winnt:notice] [pid 1524:tid 632] AH00364: Child: All worker threads have exited.
[Wed Feb 10 17:09:48.657460 2016] [mpm_winnt:notice] [pid 3092:tid 600] AH00430: Parent: Child process 1524 exited successfully.
[Wed Feb 10 17:10:00.972839 2016] [mpm_winnt:notice] [pid 7608:tid 644] AH00455: Apache/2.4.18 (Win64) configured -- resuming normal operations
[Wed Feb 10 17:10:00.972839 2016] [mpm_winnt:notice] [pid 7608:tid 644] AH00456: Apache Lounge VC14 Server built: Dec  9 2015 11:13:29
[Wed Feb 10 17:10:00.972839 2016] [core:notice] [pid 7608:tid 644] AH00094: Command line: 'httpd.exe -d C:/ELVIS/apacheHTTP/Apache24'
[Wed Feb 10 17:10:00.988465 2016] [mpm_winnt:notice] [pid 7608:tid 644] AH00418: Parent: Created child process 2344
Apache server interrupted...
016] [mpm_winnt:notice] [pid 2344:tid 632] AH00354: Child: Starting 64 worker threads.
[Wed Feb 10 17:11:56.778238 2016] [mpm_winnt:notice] [pid 7608:tid 644] AH00422: Parent: Received shutdown signal -- Shutting down the server.
[Wed Feb 10 17:11:58.799576 2016] [mpm_winnt:notice] [pid 2344:tid 632] AH00364: Child: All worker threads have exited.
[Wed Feb 10 17:11:58.836838 2016] [mpm_winnt:notice] [pid 7608:tid 644] AH00430: Parent: Child process 2344 exited successfully.
[Wed Feb 10 17:12:33.581117 2016] [mpm_winnt:notice] [pid 5612:tid 616] AH00455: Apache/2.4.18 (Win64) configured -- resuming normal operations
[Wed Feb 10 17:12:33.581617 2016] [mpm_winnt:notice] [pid 5612:tid 616] AH00456: Apache Lounge VC14 Server built: Dec  9 2015 11:13:29
[Wed Feb 10 17:12:33.581617 2016] [core:notice] [pid 5612:tid 616] AH00094: Command line: 'httpd.exe -d C:/ELVIS/apacheHTTP/Apache24'
[Wed Feb 10 17:12:33.583118 2016] [mpm_winnt:notice] [pid 5612:tid 616] AH00418: Parent: Created child process 1792
Apache server interrupted...
016] [mpm_winnt:notice] [pid 1792:tid 156] AH00354: Child: Starting 64 worker threads.
[Thu Feb 11 09:44:45.618028 2016] [mpm_winnt:notice] [pid 5612:tid 616] AH00422: Parent: Received shutdown signal -- Shutting down the server.
[Thu Feb 11 09:44:47.619858 2016] [mpm_winnt:notice] [pid 1792:tid 156] AH00364: Child: All worker threads have exited.
[Thu Feb 11 09:44:47.657621 2016] [mpm_winnt:notice] [pid 5612:tid 616] AH00430: Parent: Child process 1792 exited successfully.
AH00558: httpd.exe: Could not reliably determine the server's fully qualified domain name, using fe80::ec47:b2a:4f13:1f7d. Set the 'ServerName' directive globally to suppress this message
[Sun Feb 14 10:30:56.819816 2016] [mpm_winnt:notice] [pid 1120:tid 656] AH00455: Apache/2.4.18 (Win64) configured -- resuming normal operations
[Sun Feb 14 10:30:56.819816 2016] [mpm_winnt:notice] [pid 1120:tid 656] AH00456: Apache Lounge VC14 Server built: Dec  9 2015 11:13:29
[Sun Feb 14 10:30:56.819816 2016] [core:notice] [pid 1120:tid 656] AH00094: Command line: 'C:/ELVIS/apacheHTTP/apache24/bin/httpd.exe -d C:/ELVIS/apacheHTTP/Apache24'
[Sun Feb 14 10:30:56.819816 2016] [mpm_winnt:notice] [pid 1120:tid 656] AH00418: Parent: Created child process 9292
AH00558: httpd.exe: Could not reliably determine the server's fully qualified domain name, using fe80::ec47:b2a:4f13:1f7d. Set the 'ServerName' directive globally to suppress this message
Apache server interrupted...
 reliably determine the server's fully qualified domain name, using fe80::ec47:b2a:4f13:1f7d. Set the 'ServerName' directive globally to suppress this message
[Sun Feb 14 10:30:57.067214 2016] [mpm_winnt:notice] [pid 9292:tid 656] AH00354: Child: Starting 64 worker threads.
[Sun Feb 14 11:52:28.918936 2016] [core:error] [pid 9292:tid 1124] (20024)The given path is misformatted or contained invalid characters: [client ::1:54323] AH00127: Cannot map GET /:80?callback=_testcb&_=1455447148860 HTTP/1.1 to file, referer: http://localhost/
[Sun Feb 14 15:40:37.847723 2016] [mpm_winnt:notice] [pid 1120:tid 656] AH00422: Parent: Received shutdown signal -- Shutting down the server.
[Sun Feb 14 15:40:39.850294 2016] [mpm_winnt:notice] [pid 9292:tid 656] AH00364: Child: All worker threads have exited.
[Sun Feb 14 15:40:39.889326 2016] [mpm_winnt:notice] [pid 1120:tid 656] AH00430: Parent: Child process 9292 exited successfully.
AH00558: httpd.exe: Could not reliably determine the server's fully qualified domain name, using fe80::ec47:b2a:4f13:1f7d. Set the 'ServerName' directive globally to suppress this message
[Sun Feb 14 15:50:16.470364 2016] [mpm_winnt:notice] [pid 5064:tid 40] AH00455: Apache/2.4.18 (Win64) configured -- resuming normal operations
[Sun Feb 14 15:50:16.470364 2016] [mpm_winnt:notice] [pid 5064:tid 40] AH00456: Apache Lounge VC14 Server built: Dec  9 2015 11:13:29
[Sun Feb 14 15:50:16.470364 2016] [core:notice] [pid 5064:tid 40] AH00094: Command line: 'C:/ELVIS/apacheHTTP/apache24/bin/httpd.exe -d C:/ELVIS/apacheHTTP/Apache24'
[Sun Feb 14 15:50:16.470364 2016] [mpm_winnt:notice] [pid 5064:tid 40] AH00418: Parent: Created child process 8632
AH00558: httpd.exe: Could not reliably determine the server's fully qualified domain name, using fe80::ec47:b2a:4f13:1f7d. Set the 'ServerName' directive globally to suppress this message
Apache server shutdown initiated...
ly determine the server's fully qualified domain name, using fe80::ec47:b2a:4f13:1f7d. Set the 'ServerName' directive globally to suppress this message
[Sun Feb 14 15:50:16.904678 2016] [mpm_winnt:notice] [pid 8632:tid 636] AH00354: Child: Starting 64 worker threads.
[Sun Feb 14 20:50:48.191691 2016] [mpm_winnt:notice] [pid 5064:tid 40] AH00422: Parent: Received shutdown signal -- Shutting down the server.
[Sun Feb 14 20:50:50.212611 2016] [mpm_winnt:notice] [pid 8632:tid 636] AH00364: Child: All worker threads have exited.
[Sun Feb 14 20:50:50.243861 2016] [mpm_winnt:notice] [pid 5064:tid 40] AH00430: Parent: Child process 8632 exited successfully.
